c:\users\car lazar\documents\github\tvp-projekat-1\zaradac\zaradac\debug\vc140.pdb
c:\users\car lazar\documents\github\tvp-projekat-1\zaradac\zaradac\debug\vc140.idb
c:\users\car lazar\documents\github\tvp-projekat-1\zaradac\zaradac\debug\program.obj
c:\users\car lazar\documents\github\tvp-projekat-1\zaradac\debug\zaradac.pdb
c:\users\car lazar\documents\github\tvp-projekat-1\zaradac\zaradac\debug\zaradac.tlog\cl.command.1.tlog
c:\users\car lazar\documents\github\tvp-projekat-1\zaradac\zaradac\debug\zaradac.tlog\cl.read.1.tlog
c:\users\car lazar\documents\github\tvp-projekat-1\zaradac\zaradac\debug\zaradac.tlog\cl.write.1.tlog
c:\users\car lazar\documents\github\tvp-projekat-1\zaradac\zaradac\debug\zaradac.tlog\link-cvtres.read.1.tlog
c:\users\car lazar\documents\github\tvp-projekat-1\zaradac\zaradac\debug\zaradac.tlog\link-cvtres.write.1.tlog
c:\users\car lazar\documents\github\tvp-projekat-1\zaradac\zaradac\debug\zaradac.tlog\link-rc.read.1.tlog
c:\users\car lazar\documents\github\tvp-projekat-1\zaradac\zaradac\debug\zaradac.tlog\link-rc.write.1.tlog
c:\users\car lazar\documents\github\tvp-projekat-1\zaradac\zaradac\debug\zaradac.tlog\link.7344-cvtres.read.1.tlog
c:\users\car lazar\documents\github\tvp-projekat-1\zaradac\zaradac\debug\zaradac.tlog\link.7344-cvtres.write.1.tlog
c:\users\car lazar\documents\github\tvp-projekat-1\zaradac\zaradac\debug\zaradac.tlog\link.7344-rc.read.1.tlog
c:\users\car lazar\documents\github\tvp-projekat-1\zaradac\zaradac\debug\zaradac.tlog\link.7344-rc.write.1.tlog
c:\users\car lazar\documents\github\tvp-projekat-1\zaradac\zaradac\debug\zaradac.tlog\link.7344.read.1.tlog
c:\users\car lazar\documents\github\tvp-projekat-1\zaradac\zaradac\debug\zaradac.tlog\link.7344.write.1.tlog
c:\users\car lazar\documents\github\tvp-projekat-1\zaradac\zaradac\debug\zaradac.tlog\link.command.1.tlog
c:\users\car lazar\documents\github\tvp-projekat-1\zaradac\zaradac\debug\zaradac.tlog\link.read.1.tlog
c:\users\car lazar\documents\github\tvp-projekat-1\zaradac\zaradac\debug\zaradac.tlog\link.write.1.tlog
